# JRE version: OpenJDK Runtime Environment (11.0.11+9) (build 11.0.11+9-b60-7590822)
# Java VM: OpenJDK 64-Bit Server VM (11.0.11+9-b60-7590822, mixed mode, tiered, compressed oops, g1 gc, windows-amd64)
Heap:
 garbage-first heap   total 652288K, used 218868K [0x0000000080000000, 0x0000000100000000)
  region size 1024K, 11 young (11264K), 11 survivors (11264K)
 Metaspace       used 114076K, capacity 116567K, committed 116940K, reserved 1150976K
  class space    used 14474K, capacity 15469K, committed 15616K, reserved 1048576K
GC Heap History (20 events):
Event: 18.834 GC heap after
{Heap after GC invocations=30 (full 0):
 garbage-first heap   total 270336K, used 101316K [0x0000000080000000, 0x0000000100000000)
  region size 1024K, 1 young (1024K), 1 survivors (1024K)
 Metaspace       used 100639K, capacity 102838K, committed 103372K, reserved 1138688K
  class space    used 12624K, capacity 13443K, committed 13568K, reserved 1048576K
}
Event: 19.706 GC heap before
{Heap before GC invocations=30 (full 0):
 garbage-first heap   total 270336K, used 197572K [0x0000000080000000, 0x0000000100000000)
  region size 1024K, 96 young (98304K), 1 survivors (1024K)
 Metaspace       used 103376K, capacity 105673K, committed 105932K, reserved 1140736K
  class space    used 12896K, capacity 13732K, committed 13824K, reserved 1048576K
}
Event: 19.716 GC heap after
{Heap after GC invocations=31 (full 0):
 garbage-first heap   total 270336K, used 106844K [0x0000000080000000, 0x0000000100000000)
  region size 1024K, 7 young (7168K), 7 survivors (7168K)
 Metaspace       used 103376K, capacity 105673K, committed 105932K, reserved 1140736K
  class space    used 12896K, capacity 13732K, committed 13824K, reserved 1048576K
}
Event: 19.958 GC heap before
{Heap before GC invocations=31 (full 0):
 garbage-first heap   total 270336K, used 206172K [0x0000000080000000, 0x0000000100000000)
  region size 1024K, 104 young (106496K), 7 survivors (7168K)
 Metaspace       used 104781K, capacity 107060K, committed 107212K, reserved 1142784K
  class space    used 13100K, capacity 13980K, committed 14080K, reserved 1048576K
}
Event: 19.971 GC heap after
{Heap after GC invocations=32 (full 0):
 garbage-first heap   total 270336K, used 128574K [0x0000000080000000, 0x0000000100000000)
  region size 1024K, 13 young (13312K), 13 survivors (13312K)
 Metaspace       used 104781K, capacity 107060K, committed 107212K, reserved 1142784K
  class space    used 13100K, capacity 13980K, committed 14080K, reserved 1048576K
}
Event: 20.416 GC heap before
{Heap before GC invocations=32 (full 0):
 garbage-first heap   total 270336K, used 207422K [0x0000000080000000, 0x0000000100000000)
  region size 1024K, 91 young (93184K), 13 survivors (13312K)
 Metaspace       used 107885K, capacity 110354K, committed 110540K, reserved 1144832K
  class space    used 13557K, capacity 14517K, committed 14592K, reserved 1048576K
}
Event: 20.436 GC heap after
{Heap after GC invocations=33 (full 0):
 garbage-first heap   total 270336K, used 139336K [0x0000000080000000, 0x0000000100000000)
  region size 1024K, 12 young (12288K), 12 survivors (12288K)
 Metaspace       used 107885K, capacity 110354K, committed 110540K, reserved 1144832K
  class space    used 13557K, capacity 14517K, committed 14592K, reserved 1048576K
}
Event: 20.624 GC heap before
{Heap before GC invocations=33 (full 0):
 garbage-first heap   total 270336K, used 208968K [0x0000000080000000, 0x0000000100000000)
  region size 1024K, 81 young (82944K), 12 survivors (12288K)
 Metaspace       used 108623K, capacity 111063K, committed 111180K, reserved 1146880K
  class space    used 13651K, capacity 14603K, committed 14720K, reserved 1048576K
}
Event: 20.661 GC heap after
{Heap after GC invocations=34 (full 0):
 garbage-first heap   total 270336K, used 151771K [0x0000000080000000, 0x0000000100000000)
  region size 1024K, 11 young (11264K), 11 survivors (11264K)
 Metaspace       used 108623K, capacity 111063K, committed 111180K, reserved 1146880K
  class space    used 13651K, capacity 14603K, committed 14720K, reserved 1048576K
}
Event: 20.815 GC heap before
{Heap before GC invocations=34 (full 0):
 garbage-first heap   total 270336K, used 213211K [0x0000000080000000, 0x0000000100000000)
  region size 1024K, 71 young (72704K), 11 survivors (11264K)
 Metaspace       used 109905K, capacity 112424K, committed 112588K, reserved 1146880K
  class space    used 13830K, capacity 14842K, committed 14848K, reserved 1048576K
}
Event: 20.842 GC heap after
{Heap after GC invocations=35 (full 0):
 garbage-first heap   total 270336K, used 163386K [0x0000000080000000, 0x0000000100000000)
  region size 1024K, 9 young (9216K), 9 survivors (9216K)
 Metaspace       used 109905K, capacity 112424K, committed 112588K, reserved 1146880K
  class space    used 13830K, capacity 14842K, committed 14848K, reserved 1048576K
}
Event: 20.964 GC heap before
{Heap before GC invocations=35 (full 0):
 garbage-first heap   total 270336K, used 215610K [0x0000000080000000, 0x0000000100000000)
  region size 1024K, 62 young (63488K), 9 survivors (9216K)
 Metaspace       used 110043K, capacity 112564K, committed 112972K, reserved 1146880K
  class space    used 13832K, capacity 14822K, committed 14976K, reserved 1048576K
}
Event: 20.997 GC heap after
{Heap after GC invocations=36 (full 0):
 garbage-first heap   total 385024K, used 174080K [0x0000000080000000, 0x0000000100000000)
  region size 1024K, 8 young (8192K), 8 survivors (8192K)
 Metaspace       used 110043K, capacity 112564K, committed 112972K, reserved 1146880K
  class space    used 13832K, capacity 14822K, committed 14976K, reserved 1048576K
}
Event: 21.201 GC heap before
{Heap before GC invocations=37 (full 0):
 garbage-first heap   total 385024K, used 273408K [0x0000000080000000, 0x0000000100000000)
  region size 1024K, 105 young (107520K), 8 survivors (8192K)
 Metaspace       used 110766K, capacity 113275K, committed 113612K, reserved 1148928K
  class space    used 13983K, capacity 14973K, committed 15104K, reserved 1048576K
}
Event: 21.245 GC heap after
{Heap after GC invocations=38 (full 0):
 garbage-first heap   total 385024K, used 192512K [0x0000000080000000, 0x0000000100000000)
  region size 1024K, 14 young (14336K), 14 survivors (14336K)
 Metaspace       used 110766K, capacity 113275K, committed 113612K, reserved 1148928K
  class space    used 13983K, capacity 14973K, committed 15104K, reserved 1048576K
}
Event: 21.251 GC heap before
{Heap before GC invocations=38 (full 0):
 garbage-first heap   total 385024K, used 196608K [0x0000000080000000, 0x0000000100000000)
  region size 1024K, 18 young (18432K), 14 survivors (14336K)
 Metaspace       used 110802K, capacity 113307K, committed 113612K, reserved 1148928K
  class space    used 13988K, capacity 15005K, committed 15104K, reserved 1048576K
}
Event: 21.271 GC heap after
{Heap after GC invocations=39 (full 0):
 garbage-first heap   total 385024K, used 192834K [0x0000000080000000, 0x0000000100000000)
  region size 1024K, 3 young (3072K), 3 survivors (3072K)
 Metaspace       used 110802K, capacity 113307K, committed 113612K, reserved 1148928K
  class space    used 13988K, capacity 15005K, committed 15104K, reserved 1048576K
}
Event: 21.488 GC heap before
{Heap before GC invocations=39 (full 0):
 garbage-first heap   total 385024K, used 286018K [0x0000000080000000, 0x0000000100000000)
  region size 1024K, 94 young (96256K), 3 survivors (3072K)
 Metaspace       used 112948K, capacity 115662K, committed 115788K, reserved 1148928K
  class space    used 14395K, capacity 15453K, committed 15488K, reserved 1048576K
}
Event: 21.513 GC heap after
{Heap after GC invocations=40 (full 0):
 garbage-first heap   total 385024K, used 207526K [0x0000000080000000, 0x0000000100000000)
  region size 1024K, 12 young (12288K), 12 survivors (12288K)
 Metaspace       used 112948K, capacity 115662K, committed 115788K, reserved 1148928K
  class space    used 14395K, capacity 15453K, committed 15488K, reserved 1048576K
}
Event: 22.039 GC heap before
{Heap before GC invocations=40 (full 0):
 garbage-first heap   total 385024K, used 295590K [0x0000000080000000, 0x0000000100000000)
  region size 1024K, 98 young (100352K), 12 survivors (12288K)
 Metaspace       used 114076K, capacity 116567K, committed 116940K, reserved 1150976K
  class space    used 14474K, capacity 15469K, committed 15616K, reserved 1048576K
}

