# JRE version: OpenJDK Runtime Environment (11.0.11+9) (build 11.0.11+9-b60-7590822)
# Java VM: OpenJDK 64-Bit Server VM (11.0.11+9-b60-7590822, mixed mode, tiered, compressed oops, g1 gc, windows-amd64)
Heap:
 garbage-first heap   total 596992K, used 283648K [0x0000000080000000, 0x0000000100000000)
  region size 1024K, 18 young (18432K), 18 survivors (18432K)
 Metaspace       used 150714K, capacity 155074K, committed 155248K, reserved 1183744K
  class space    used 18588K, capacity 20256K, committed 20352K, reserved 1048576K
GC Heap History (20 events):
Event: 1199.970 GC heap after
{Heap after GC invocations=113 (full 0):
 garbage-first heap   total 421888K, used 237658K [0x0000000080000000, 0x0000000100000000)
  region size 1024K, 3 young (3072K), 3 survivors (3072K)
 Metaspace       used 148881K, capacity 153171K, committed 153328K, reserved 1183744K
  class space    used 18528K, capacity 20182K, committed 20224K, reserved 1048576K
}
Event: 1200.283 GC heap before
{Heap before GC invocations=113 (full 0):
 garbage-first heap   total 421888K, used 314458K [0x0000000080000000, 0x0000000100000000)
  region size 1024K, 79 young (80896K), 3 survivors (3072K)
 Metaspace       used 149024K, capacity 153309K, committed 153584K, reserved 1183744K
  class space    used 18537K, capacity 20183K, committed 20224K, reserved 1048576K
}
Event: 1200.290 GC heap after
{Heap after GC invocations=114 (full 0):
 garbage-first heap   total 421888K, used 237486K [0x0000000080000000, 0x0000000100000000)
  region size 1024K, 3 young (3072K), 3 survivors (3072K)
 Metaspace       used 149024K, capacity 153309K, committed 153584K, reserved 1183744K
  class space    used 18537K, capacity 20183K, committed 20224K, reserved 1048576K
}
Event: 1200.585 GC heap before
{Heap before GC invocations=114 (full 0):
 garbage-first heap   total 421888K, used 318382K [0x0000000080000000, 0x0000000100000000)
  region size 1024K, 83 young (84992K), 3 survivors (3072K)
 Metaspace       used 149245K, capacity 153526K, committed 153584K, reserved 1183744K
  class space    used 18549K, capacity 20188K, committed 20224K, reserved 1048576K
}
Event: 1200.594 GC heap after
{Heap after GC invocations=115 (full 0):
 garbage-first heap   total 421888K, used 238807K [0x0000000080000000, 0x0000000100000000)
  region size 1024K, 4 young (4096K), 4 survivors (4096K)
 Metaspace       used 149245K, capacity 153526K, committed 153584K, reserved 1183744K
  class space    used 18549K, capacity 20188K, committed 20224K, reserved 1048576K
}
Event: 1200.827 GC heap before
{Heap before GC invocations=115 (full 0):
 garbage-first heap   total 421888K, used 326871K [0x0000000080000000, 0x0000000100000000)
  region size 1024K, 91 young (93184K), 4 survivors (4096K)
 Metaspace       used 149391K, capacity 153745K, committed 153968K, reserved 1183744K
  class space    used 18566K, capacity 20237K, committed 20352K, reserved 1048576K
}
Event: 1200.836 GC heap after
{Heap after GC invocations=116 (full 0):
 garbage-first heap   total 421888K, used 241116K [0x0000000080000000, 0x0000000100000000)
  region size 1024K, 7 young (7168K), 7 survivors (7168K)
 Metaspace       used 149391K, capacity 153745K, committed 153968K, reserved 1183744K
  class space    used 18566K, capacity 20237K, committed 20352K, reserved 1048576K
}
Event: 1201.108 GC heap before
{Heap before GC invocations=116 (full 0):
 garbage-first heap   total 421888K, used 333276K [0x0000000080000000, 0x0000000100000000)
  region size 1024K, 97 young (99328K), 7 survivors (7168K)
 Metaspace       used 149613K, capacity 153949K, committed 154224K, reserved 1183744K
  class space    used 18570K, capacity 20237K, committed 20352K, reserved 1048576K
}
Event: 1201.120 GC heap after
{Heap after GC invocations=117 (full 0):
 garbage-first heap   total 489472K, used 241172K [0x0000000080000000, 0x0000000100000000)
  region size 1024K, 7 young (7168K), 7 survivors (7168K)
 Metaspace       used 149613K, capacity 153949K, committed 154224K, reserved 1183744K
  class space    used 18570K, capacity 20237K, committed 20352K, reserved 1048576K
}
Event: 1201.670 GC heap before
{Heap before GC invocations=117 (full 0):
 garbage-first heap   total 489472K, used 390676K [0x0000000080000000, 0x0000000100000000)
  region size 1024K, 154 young (157696K), 7 survivors (7168K)
 Metaspace       used 150104K, capacity 154407K, committed 154736K, reserved 1183744K
  class space    used 18580K, capacity 20253K, committed 20352K, reserved 1048576K
}
Event: 1201.679 GC heap after
{Heap after GC invocations=118 (full 0):
 garbage-first heap   total 489472K, used 242480K [0x0000000080000000, 0x0000000100000000)
  region size 1024K, 8 young (8192K), 8 survivors (8192K)
 Metaspace       used 150104K, capacity 154407K, committed 154736K, reserved 1183744K
  class space    used 18580K, capacity 20253K, committed 20352K, reserved 1048576K
}
Event: 1202.025 GC heap before
{Heap before GC invocations=118 (full 0):
 garbage-first heap   total 489472K, used 402224K [0x0000000080000000, 0x0000000100000000)
  region size 1024K, 165 young (168960K), 8 survivors (8192K)
 Metaspace       used 150387K, capacity 154774K, committed 154992K, reserved 1183744K
  class space    used 18586K, capacity 20256K, committed 20352K, reserved 1048576K
}
Event: 1202.033 GC heap after
{Heap after GC invocations=119 (full 0):
 garbage-first heap   total 489472K, used 241970K [0x0000000080000000, 0x0000000100000000)
  region size 1024K, 7 young (7168K), 7 survivors (7168K)
 Metaspace       used 150387K, capacity 154774K, committed 154992K, reserved 1183744K
  class space    used 18586K, capacity 20256K, committed 20352K, reserved 1048576K
}
Event: 1202.364 GC heap before
{Heap before GC invocations=119 (full 0):
 garbage-first heap   total 489472K, used 410930K [0x0000000080000000, 0x0000000100000000)
  region size 1024K, 171 young (175104K), 7 survivors (7168K)
 Metaspace       used 150573K, capacity 154933K, committed 155248K, reserved 1183744K
  class space    used 18586K, capacity 20256K, committed 20352K, reserved 1048576K
}
Event: 1202.384 GC heap after
{Heap after GC invocations=120 (full 0):
 garbage-first heap   total 489472K, used 256463K [0x0000000080000000, 0x0000000100000000)
  region size 1024K, 21 young (21504K), 21 survivors (21504K)
 Metaspace       used 150573K, capacity 154933K, committed 155248K, reserved 1183744K
  class space    used 18586K, capacity 20256K, committed 20352K, reserved 1048576K
}
Event: 1202.706 GC heap before
{Heap before GC invocations=120 (full 0):
 garbage-first heap   total 489472K, used 406991K [0x0000000080000000, 0x0000000100000000)
  region size 1024K, 169 young (173056K), 21 survivors (21504K)
 Metaspace       used 150632K, capacity 155004K, committed 155248K, reserved 1183744K
  class space    used 18588K, capacity 20256K, committed 20352K, reserved 1048576K
}
Event: 1202.734 GC heap after
{Heap after GC invocations=121 (full 0):
 garbage-first heap   total 489472K, used 265928K [0x0000000080000000, 0x0000000100000000)
  region size 1024K, 15 young (15360K), 15 survivors (15360K)
 Metaspace       used 150632K, capacity 155004K, committed 155248K, reserved 1183744K
  class space    used 18588K, capacity 20256K, committed 20352K, reserved 1048576K
}
Event: 1203.008 GC heap before
{Heap before GC invocations=121 (full 0):
 garbage-first heap   total 489472K, used 407240K [0x0000000080000000, 0x0000000100000000)
  region size 1024K, 153 young (156672K), 15 survivors (15360K)
 Metaspace       used 150672K, capacity 155005K, committed 155248K, reserved 1183744K
  class space    used 18588K, capacity 20256K, committed 20352K, reserved 1048576K
}
Event: 1203.030 GC heap after
{Heap after GC invocations=122 (full 0):
 garbage-first heap   total 489472K, used 274177K [0x0000000080000000, 0x0000000100000000)
  region size 1024K, 9 young (9216K), 9 survivors (9216K)
 Metaspace       used 150672K, capacity 155005K, committed 155248K, reserved 1183744K
  class space    used 18588K, capacity 20256K, committed 20352K, reserved 1048576K
}
Event: 1203.293 GC heap before
{Heap before GC invocations=122 (full 0):
 garbage-first heap   total 489472K, used 410369K [0x0000000080000000, 0x0000000100000000)
  region size 1024K, 143 young (146432K), 9 survivors (9216K)
 Metaspace       used 150714K, capacity 155074K, committed 155248K, reserved 1183744K
  class space    used 18588K, capacity 20256K, committed 20352K, reserved 1048576K
}

